<?xml version="1.0" encoding="utf-8"?><testsuites name="pytest tests"><testsuite name="pytest" errors="0" failures="0" skipped="0" tests="7" time="5.135" timestamp="2026-03-30T22:27:37.550466+00:00" hostname="agent-env-8b64130f-eeb6-4cb7-a95e-b838b71f7948"><testcase classname="tests.test_v2_features.TestV2Features" name="test_generate_username" time="0.462" /><testcase classname="tests.test_v2_features.TestV2Features" name="test_refresh_token_endpoint" time="0.376" /><testcase classname="tests.test_v2_features.TestV2Features" name="test_account_deletion_dsgvo" time="1.075" /><testcase classname="tests.test_v2_features.TestV2Features" name="test_security_headers" time="0.155" /><testcase classname="tests.test_v2_features.TestV2Features" name="test_passkey_change_integration" time="1.640" /><testcase classname="tests.test_v2_features.TestV2Features" name="test_bcrypt_hash_format" time="1.064" /><testcase classname="tests.test_v2_features.TestV2Features" name="test_jwt_token_lifetime" time="0.332" /></testsuite></testsuites>