<?xml version="1.0" encoding="utf-8"?><testsuites name="pytest tests"><testsuite name="pytest" errors="0" failures="0" skipped="0" tests="8" time="2.924" timestamp="2026-03-30T23:13:12.531166+00:00" hostname="agent-env-8b64130f-eeb6-4cb7-a95e-b838b71f7948"><testcase classname="tests.test_v3_features.TestV3Features" name="test_magic_qr_creation" time="0.597" /><testcase classname="tests.test_v3_features.TestV3Features" name="test_magic_qr_verify_success" time="0.584" /><testcase classname="tests.test_v3_features.TestV3Features" name="test_magic_qr_verify_invalid_token" time="0.175" /><testcase classname="tests.test_v3_features.TestV3Features" name="test_magic_qr_verify_reuse_prevention" time="0.519" /><testcase classname="tests.test_v3_features.TestV3Features" name="test_refresh_token_rotation" time="0.533" /><testcase classname="tests.test_v3_features.TestV3Features" name="test_security_headers_all_endpoints" time="0.375" /><testcase classname="tests.test_v3_features.TestV3Features" name="test_app_icon_metadata" time="0.111" /><testcase classname="tests.test_v3_features.TestV3Features" name="test_version_number" time="0.001" /></testsuite></testsuites>