<?xml version="1.0" encoding="utf-8"?><testsuites name="pytest tests"><testsuite name="pytest" errors="0" failures="0" skipped="0" tests="20" time="8.839" timestamp="2026-03-30T20:09:14.087169+00:00" hostname="agent-env-8b64130f-eeb6-4cb7-a95e-b838b71f7948"><testcase classname="tests.test_auth.TestAuth" name="test_login_admin_success" time="0.480" /><testcase classname="tests.test_auth.TestAuth" name="test_login_test_user_success" time="0.418" /><testcase classname="tests.test_auth.TestAuth" name="test_login_invalid_credentials" time="0.171" /><testcase classname="tests.test_auth.TestAuth" name="test_register_new_user" time="0.382" /><testcase classname="tests.test_auth.TestAuth" name="test_get_me_authenticated" time="0.377" /><testcase classname="tests.test_auth.TestAuth" name="test_get_me_unauthenticated" time="0.102" /><testcase classname="tests.test_auth.TestAuth" name="test_logout" time="0.435" /><testcase classname="tests.test_chats_messages.TestChats" name="test_create_1on1_chat_and_verify" time="0.586" /><testcase classname="tests.test_chats_messages.TestChats" name="test_list_chats" time="0.429" /><testcase classname="tests.test_chats_messages.TestChats" name="test_get_chat_by_id" time="0.541" /><testcase classname="tests.test_chats_messages.TestChats" name="test_create_group_chat" time="0.538" /><testcase classname="tests.test_chats_messages.TestMessages" name="test_send_message_and_verify" time="0.609" /><testcase classname="tests.test_chats_messages.TestMessages" name="test_get_messages" time="0.453" /><testcase classname="tests.test_chats_messages.TestMessages" name="test_mark_messages_read" time="0.480" /><testcase classname="tests.test_chats_messages.TestMessages" name="test_send_emergency_message" time="0.446" /><testcase classname="tests.test_users_contacts.TestUsers" name="test_list_users" time="0.408" /><testcase classname="tests.test_users_contacts.TestUsers" name="test_get_user_by_id" time="0.539" /><testcase classname="tests.test_users_contacts.TestContacts" name="test_add_contact_and_verify" time="0.514" /><testcase classname="tests.test_users_contacts.TestContacts" name="test_list_contacts" time="0.422" /><testcase classname="tests.test_users_contacts.TestContacts" name="test_update_profile" time="0.468" /></testsuite></testsuites>