<?xml version="1.0" encoding="utf-8"?><testsuites name="pytest tests"><testsuite name="pytest" errors="0" failures="3" skipped="0" tests="37" time="15.000" timestamp="2026-03-30T23:13:20.578742+00:00" hostname="agent-env-8b64130f-eeb6-4cb7-a95e-b838b71f7948"><testcase classname="tests.test_auth.TestAuth" name="test_login_admin_success" time="0.345" /><testcase classname="tests.test_auth.TestAuth" name="test_login_test_user_success" time="0.330" /><testcase classname="tests.test_auth.TestAuth" name="test_login_invalid_credentials" time="0.168" /><testcase classname="tests.test_auth.TestAuth" name="test_register_new_user" time="0.417" /><testcase classname="tests.test_auth.TestAuth" name="test_get_me_authenticated" time="0.376" /><testcase classname="tests.test_auth.TestAuth" name="test_get_me_unauthenticated" time="0.110" /><testcase classname="tests.test_auth.TestAuth" name="test_logout" time="0.372" /><testcase classname="tests.test_auth.TestAuth" name="test_change_passkey" time="1.112" /><testcase classname="tests.test_auth.TestAuth" name="test_users_endpoint_no_email" time="0.396" /><testcase classname="tests.test_chats_messages.TestChats" name="test_create_1on1_chat_and_verify" time="0.480" /><testcase classname="tests.test_chats_messages.TestChats" name="test_list_chats" time="0.373" /><testcase classname="tests.test_chats_messages.TestChats" name="test_get_chat_by_id" time="0.501" /><testcase classname="tests.test_chats_messages.TestChats" name="test_create_group_chat" time="0.454"><failure message="assert 403 == 200&#10; +  where 403 = &lt;Response [403]&gt;.status_code">tests/test_chats_messages.py:112: in test_create_group_chat
    assert create_response.status_code == 200
E   assert 403 == 200
E    +  where 403 = &lt;Response [403]&gt;.status_code</failure></testcase><testcase classname="tests.test_chats_messages.TestMessages" name="test_send_message_and_verify" time="0.531" /><testcase classname="tests.test_chats_messages.TestMessages" name="test_get_messages" time="0.460" /><testcase classname="tests.test_chats_messages.TestMessages" name="test_mark_messages_read" time="0.501" /><testcase classname="tests.test_chats_messages.TestMessages" name="test_send_emergency_message" time="0.738" /><testcase classname="tests.test_users_contacts.TestUsers" name="test_list_users" time="0.379" /><testcase classname="tests.test_users_contacts.TestUsers" name="test_get_user_by_id" time="0.473" /><testcase classname="tests.test_users_contacts.TestContacts" name="test_add_contact_and_verify" time="0.512" /><testcase classname="tests.test_users_contacts.TestContacts" name="test_list_contacts" time="0.411" /><testcase classname="tests.test_users_contacts.TestContacts" name="test_update_profile" time="0.393" /><testcase classname="tests.test_v2_features.TestV2Features" name="test_generate_username" time="0.303" /><testcase classname="tests.test_v2_features.TestV2Features" name="test_refresh_token_endpoint" time="0.391" /><testcase classname="tests.test_v2_features.TestV2Features" name="test_account_deletion_dsgvo" time="1.177" /><testcase classname="tests.test_v2_features.TestV2Features" name="test_security_headers" time="0.102" /><testcase classname="tests.test_v2_features.TestV2Features" name="test_passkey_change_integration" time="0.098"><failure message="assert 429 == 200&#10; +  where 429 = &lt;Response [429]&gt;.status_code">tests/test_v2_features.py:183: in test_passkey_change_integration
    assert reg_response.status_code == 200
E   assert 429 == 200
E    +  where 429 = &lt;Response [429]&gt;.status_code</failure></testcase><testcase classname="tests.test_v2_features.TestV2Features" name="test_bcrypt_hash_format" time="0.099"><failure message="assert 429 == 200&#10; +  where 429 = &lt;Response [429]&gt;.status_code">tests/test_v2_features.py:234: in test_bcrypt_hash_format
    assert reg_response.status_code == 200
E   assert 429 == 200
E    +  where 429 = &lt;Response [429]&gt;.status_code</failure></testcase><testcase classname="tests.test_v2_features.TestV2Features" name="test_jwt_token_lifetime" time="0.366" /><testcase classname="tests.test_v3_features.TestV3Features" name="test_magic_qr_creation" time="0.406" /><testcase classname="tests.test_v3_features.TestV3Features" name="test_magic_qr_verify_success" time="0.547" /><testcase classname="tests.test_v3_features.TestV3Features" name="test_magic_qr_verify_invalid_token" time="0.104" /><testcase classname="tests.test_v3_features.TestV3Features" name="test_magic_qr_verify_reuse_prevention" time="0.504" /><testcase classname="tests.test_v3_features.TestV3Features" name="test_refresh_token_rotation" time="0.443" /><testcase classname="tests.test_v3_features.TestV3Features" name="test_security_headers_all_endpoints" time="0.396" /><testcase classname="tests.test_v3_features.TestV3Features" name="test_app_icon_metadata" time="0.136" /><testcase classname="tests.test_v3_features.TestV3Features" name="test_version_number" time="0.001" /></testsuite></testsuites>