<?xml version="1.0" encoding="utf-8"?><testsuites name="pytest tests"><testsuite name="pytest" errors="0" failures="3" skipped="0" tests="29" time="13.776" timestamp="2026-03-30T22:27:47.297538+00:00" hostname="agent-env-8b64130f-eeb6-4cb7-a95e-b838b71f7948"><testcase classname="tests.test_auth.TestAuth" name="test_login_admin_success" time="0.392" /><testcase classname="tests.test_auth.TestAuth" name="test_login_test_user_success" time="0.372" /><testcase classname="tests.test_auth.TestAuth" name="test_login_invalid_credentials" time="0.173" /><testcase classname="tests.test_auth.TestAuth" name="test_register_new_user" time="0.424" /><testcase classname="tests.test_auth.TestAuth" name="test_get_me_authenticated" time="0.379" /><testcase classname="tests.test_auth.TestAuth" name="test_get_me_unauthenticated" time="0.109" /><testcase classname="tests.test_auth.TestAuth" name="test_logout" time="0.385" /><testcase classname="tests.test_auth.TestAuth" name="test_change_passkey" time="1.105" /><testcase classname="tests.test_auth.TestAuth" name="test_users_endpoint_no_email" time="0.985" /><testcase classname="tests.test_chats_messages.TestChats" name="test_create_1on1_chat_and_verify" time="1.046" /><testcase classname="tests.test_chats_messages.TestChats" name="test_list_chats" time="0.409" /><testcase classname="tests.test_chats_messages.TestChats" name="test_get_chat_by_id" time="0.484" /><testcase classname="tests.test_chats_messages.TestChats" name="test_create_group_chat" time="0.426"><failure message="assert 403 == 200&#10; +  where 403 = &lt;Response [403]&gt;.status_code">tests/test_chats_messages.py:112: in test_create_group_chat
    assert create_response.status_code == 200
E   assert 403 == 200
E    +  where 403 = &lt;Response [403]&gt;.status_code</failure></testcase><testcase classname="tests.test_chats_messages.TestMessages" name="test_send_message_and_verify" time="0.490" /><testcase classname="tests.test_chats_messages.TestMessages" name="test_get_messages" time="0.426" /><testcase classname="tests.test_chats_messages.TestMessages" name="test_mark_messages_read" time="0.489" /><testcase classname="tests.test_chats_messages.TestMessages" name="test_send_emergency_message" time="0.449" /><testcase classname="tests.test_users_contacts.TestUsers" name="test_list_users" time="0.389" /><testcase classname="tests.test_users_contacts.TestUsers" name="test_get_user_by_id" time="0.428" /><testcase classname="tests.test_users_contacts.TestContacts" name="test_add_contact_and_verify" time="0.529" /><testcase classname="tests.test_users_contacts.TestContacts" name="test_list_contacts" time="0.376" /><testcase classname="tests.test_users_contacts.TestContacts" name="test_update_profile" time="0.376" /><testcase classname="tests.test_v2_features.TestV2Features" name="test_generate_username" time="0.324" /><testcase classname="tests.test_v2_features.TestV2Features" name="test_refresh_token_endpoint" time="0.384" /><testcase classname="tests.test_v2_features.TestV2Features" name="test_account_deletion_dsgvo" time="0.149"><failure message="assert 429 == 200&#10; +  where 429 = &lt;Response [429]&gt;.status_code">tests/test_v2_features.py:99: in test_account_deletion_dsgvo
    assert reg_response.status_code == 200
E   assert 429 == 200
E    +  where 429 = &lt;Response [429]&gt;.status_code</failure></testcase><testcase classname="tests.test_v2_features.TestV2Features" name="test_security_headers" time="0.104" /><testcase classname="tests.test_v2_features.TestV2Features" name="test_passkey_change_integration" time="1.647" /><testcase classname="tests.test_v2_features.TestV2Features" name="test_bcrypt_hash_format" time="0.113"><failure message="assert 429 == 200&#10; +  where 429 = &lt;Response [429]&gt;.status_code">tests/test_v2_features.py:234: in test_bcrypt_hash_format
    assert reg_response.status_code == 200
E   assert 429 == 200
E    +  where 429 = &lt;Response [429]&gt;.status_code</failure></testcase><testcase classname="tests.test_v2_features.TestV2Features" name="test_jwt_token_lifetime" time="0.327" /></testsuite></testsuites>